Command line:
   alu_tbw_tb_isim_beh.exe
     -simmode  gui
     -simrunnum  0
     -socket  43773

Fri Jan 12 15:06:46 2018


 Elaboration Time: 0.0468 sec

 Current Memory Usage: 504.873 Meg

 Total Signals          : 243
 Total Nets             : 78
 Total Signal Drivers   : 56
 Total Blocks           : 59
 Total Primitive Blocks : 49
 Total Processes        : 58
 Total Traceable Variables  : 21
 Total Scalar Nets and Variables : 175
Total Line Count : 22

 Total Simulation Time: 0.078 sec

 Current Memory Usage: 504.873 Meg

Fri Jan 12 15:08:33 2018

