Command line:
   logic_ext_tbw_tb_0_isim_beh.exe
     -simmode  gui
     -simrunnum  0
     -socket  56238

Fri Jan 19 15:56:07 2018


 Elaboration Time: 0.0468 sec

 Current Memory Usage: 504.873 Meg

 Total Signals          : 63
 Total Nets             : 28
 Total Signal Drivers   : 20
 Total Blocks           : 13
 Total Primitive Blocks : 11
 Total Processes        : 22
 Total Traceable Variables  : 26
 Total Scalar Nets and Variables : 209
Total Line Count : 19

 Total Simulation Time: 0.0624 sec

 Current Memory Usage: 504.873 Meg

Fri Jan 19 16:04:17 2018

