Command line:
   alu4bit_tbw_tb_0_isim_beh.exe
     -simmode  gui
     -simrunnum  0
     -socket  55318

Fri Jan 19 13:39:50 2018


 Elaboration Time: 0.1092 sec

 Current Memory Usage: 504.873 Meg

 Total Signals          : 439
 Total Nets             : 109
 Total Signal Drivers   : 95
 Total Blocks           : 100
 Total Primitive Blocks : 86
 Total Processes        : 97
 Total Traceable Variables  : 26
 Total Scalar Nets and Variables : 296
Total Line Count : 29

 Total Simulation Time: 0.1248 sec

 Current Memory Usage: 504.873 Meg

Fri Jan 19 13:40:16 2018

